2025-09-25T09:35:19.134+09:00  INFO 4956 --- [mini-project-task-manager-db] [main] org.example.o_lim.OLimApplication        : Starting OLimApplication using Java 17.0.12 with PID 4956 (C:\_최광섭\mini-project-task-manager\build\classes\java\main started by user in C:\_최광섭\mini-project-task-manager)
2025-09-25T09:35:19.135+09:00 DEBUG 4956 --- [mini-project-task-manager-db] [main] org.example.o_lim.OLimApplication        : Running with Spring Boot v3.5.5, Spring v6.2.10
2025-09-25T09:35:19.136+09:00  INFO 4956 --- [mini-project-task-manager-db] [main] org.example.o_lim.OLimApplication        : The following 1 profile is active: "secret"
2025-09-25T09:35:19.858+09:00  INFO 4956 --- [mini-project-task-manager-db] [main] .s.d.r.c.RepositoryConfigurationDelegate : Bootstrapping Spring Data JPA repositories in DEFAULT mode.
2025-09-25T09:35:19.934+09:00  INFO 4956 --- [mini-project-task-manager-db] [main] .s.d.r.c.RepositoryConfigurationDelegate : Finished Spring Data repository scanning in 69 ms. Found 10 JPA repository interfaces.
2025-09-25T09:35:20.385+09:00  INFO 4956 --- [mini-project-task-manager-db] [main] o.s.b.w.embedded.tomcat.TomcatWebServer  : Tomcat initialized with port 8080 (http)
2025-09-25T09:35:20.393+09:00  INFO 4956 --- [mini-project-task-manager-db] [main] o.apache.catalina.core.StandardService   : Starting service [Tomcat]
2025-09-25T09:35:20.393+09:00  INFO 4956 --- [mini-project-task-manager-db] [main] o.apache.catalina.core.StandardEngine    : Starting Servlet engine: [Apache Tomcat/10.1.44]
2025-09-25T09:35:20.427+09:00  INFO 4956 --- [mini-project-task-manager-db] [main] o.a.c.c.C.[Tomcat].[localhost].[/]       : Initializing Spring embedded WebApplicationContext
2025-09-25T09:35:20.427+09:00  INFO 4956 --- [mini-project-task-manager-db] [main] w.s.c.ServletWebServerApplicationContext : Root WebApplicationContext: initialization completed in 1265 ms
2025-09-25T09:35:20.645+09:00  INFO 4956 --- [mini-project-task-manager-db] [main] o.hibernate.jpa.internal.util.LogHelper  : HHH000204: Processing PersistenceUnitInfo [name: default]
2025-09-25T09:35:20.679+09:00  INFO 4956 --- [mini-project-task-manager-db] [main] org.hibernate.Version                    : HHH000412: Hibernate ORM core version 6.6.26.Final
2025-09-25T09:35:20.703+09:00  INFO 4956 --- [mini-project-task-manager-db] [main] o.h.c.internal.RegionFactoryInitiator    : HHH000026: Second-level cache disabled
2025-09-25T09:35:20.902+09:00  INFO 4956 --- [mini-project-task-manager-db] [main] o.s.o.j.p.SpringPersistenceUnitInfo      : No LoadTimeWeaver setup: ignoring JPA class transformer
2025-09-25T09:35:20.923+09:00  INFO 4956 --- [mini-project-task-manager-db] [main] com.zaxxer.hikari.HikariDataSource       : HikariPool-1 - Starting...
2025-09-25T09:35:21.115+09:00  INFO 4956 --- [mini-project-task-manager-db] [main] com.zaxxer.hikari.pool.HikariPool        : HikariPool-1 - Added connection com.mysql.cj.jdbc.ConnectionImpl@346330b6
2025-09-25T09:35:21.118+09:00  INFO 4956 --- [mini-project-task-manager-db] [main] com.zaxxer.hikari.HikariDataSource       : HikariPool-1 - Start completed.
2025-09-25T09:35:21.177+09:00  INFO 4956 --- [mini-project-task-manager-db] [main] org.hibernate.orm.connections.pooling    : HHH10001005: Database info:
	Database JDBC URL [Connecting through datasource 'HikariDataSource (HikariPool-1)']
	Database driver: undefined/unknown
	Database version: 8.0.43
	Autocommit mode: undefined/unknown
	Isolation level: undefined/unknown
	Minimum pool size: undefined/unknown
	Maximum pool size: undefined/unknown
2025-09-25T09:35:21.478+09:00  WARN 4956 --- [mini-project-task-manager-db] [main] org.hibernate.mapping.RootClass          : HHH000038: Composite-id class does not override equals(): org.example.o_lim.entity.UserRoleId
2025-09-25T09:35:21.478+09:00  WARN 4956 --- [mini-project-task-manager-db] [main] org.hibernate.mapping.RootClass          : HHH000039: Composite-id class does not override hashCode(): org.example.o_lim.entity.UserRoleId
2025-09-25T09:35:21.955+09:00  INFO 4956 --- [mini-project-task-manager-db] [main] o.h.e.t.j.p.i.JtaPlatformInitiator       : HHH000489: No JTA platform available (set 'hibernate.transaction.jta.platform' to enable JTA platform integration)
2025-09-25T09:35:21.987+09:00  INFO 4956 --- [mini-project-task-manager-db] [main] j.LocalContainerEntityManagerFactoryBean : Initialized JPA EntityManagerFactory for persistence unit 'default'
2025-09-25T09:35:22.192+09:00  INFO 4956 --- [mini-project-task-manager-db] [main] o.s.d.j.r.query.QueryEnhancerFactory     : Hibernate is in classpath; If applicable, HQL parser will be used.
2025-09-25T09:35:22.231+09:00 DEBUG 4956 --- [mini-project-task-manager-db] [main] o.e.o.filter.JwtAuthenticationFilter     : Filter 'jwtAuthenticationFilter' configured for use
2025-09-25T09:35:22.318+09:00  INFO 4956 --- [mini-project-task-manager-db] [main] r$InitializeUserDetailsManagerConfigurer : Global AuthenticationManager configured with UserDetailsService bean with name customUserDetailsService
2025-09-25T09:35:22.887+09:00  WARN 4956 --- [mini-project-task-manager-db] [main] JpaBaseConfiguration$JpaWebConfiguration : spring.jpa.open-in-view is enabled by default. Therefore, database queries may be performed during view rendering. Explicitly configure spring.jpa.open-in-view to disable this warning
2025-09-25T09:35:23.112+09:00  INFO 4956 --- [mini-project-task-manager-db] [main] o.s.b.a.e.web.EndpointLinksResolver      : Exposing 1 endpoint beneath base path '/actuator'
2025-09-25T09:35:23.179+09:00  WARN 4956 --- [mini-project-task-manager-db] [main] thorizationManagerRequestMatcherRegistry : One of the patterns in [h2-console/**] is missing a leading slash. This is discouraged; please include the leading slash in all your request matcher patterns. In future versions of Spring Security, leaving out the leading slash will result in an exception.
2025-09-25T09:35:23.185+09:00  WARN 4956 --- [mini-project-task-manager-db] [main] thorizationManagerRequestMatcherRegistry : One of the patterns in [api/v1/auth/**] is missing a leading slash. This is discouraged; please include the leading slash in all your request matcher patterns. In future versions of Spring Security, leaving out the leading slash will result in an exception.
2025-09-25T09:35:23.186+09:00  WARN 4956 --- [mini-project-task-manager-db] [main] thorizationManagerRequestMatcherRegistry : One of the patterns in [api/v1/users/me/**] is missing a leading slash. This is discouraged; please include the leading slash in all your request matcher patterns. In future versions of Spring Security, leaving out the leading slash will result in an exception.
2025-09-25T09:35:23.188+09:00  WARN 4956 --- [mini-project-task-manager-db] [main] thorizationManagerRequestMatcherRegistry : One of the patterns in [api/v1/admin/**] is missing a leading slash. This is discouraged; please include the leading slash in all your request matcher patterns. In future versions of Spring Security, leaving out the leading slash will result in an exception.
2025-09-25T09:35:23.190+09:00  WARN 4956 --- [mini-project-task-manager-db] [main] thorizationManagerRequestMatcherRegistry : One of the patterns in [api/v1/tasks/*/comments/**] is missing a leading slash. This is discouraged; please include the leading slash in all your request matcher patterns. In future versions of Spring Security, leaving out the leading slash will result in an exception.
2025-09-25T09:35:23.192+09:00  WARN 4956 --- [mini-project-task-manager-db] [main] thorizationManagerRequestMatcherRegistry : One of the patterns in [api/v1/tasks/*/comments/**] is missing a leading slash. This is discouraged; please include the leading slash in all your request matcher patterns. In future versions of Spring Security, leaving out the leading slash will result in an exception.
2025-09-25T09:35:23.193+09:00  WARN 4956 --- [mini-project-task-manager-db] [main] thorizationManagerRequestMatcherRegistry : One of the patterns in [api/v1/notifications/**] is missing a leading slash. This is discouraged; please include the leading slash in all your request matcher patterns. In future versions of Spring Security, leaving out the leading slash will result in an exception.
2025-09-25T09:35:23.194+09:00  WARN 4956 --- [mini-project-task-manager-db] [main] thorizationManagerRequestMatcherRegistry : One of the patterns in [api/v1/projects/**] is missing a leading slash. This is discouraged; please include the leading slash in all your request matcher patterns. In future versions of Spring Security, leaving out the leading slash will result in an exception.
2025-09-25T09:35:23.196+09:00  WARN 4956 --- [mini-project-task-manager-db] [main] thorizationManagerRequestMatcherRegistry : One of the patterns in [api/v1/projects/**] is missing a leading slash. This is discouraged; please include the leading slash in all your request matcher patterns. In future versions of Spring Security, leaving out the leading slash will result in an exception.
2025-09-25T09:35:23.197+09:00  WARN 4956 --- [mini-project-task-manager-db] [main] thorizationManagerRequestMatcherRegistry : One of the patterns in [api/v1/projects/**] is missing a leading slash. This is discouraged; please include the leading slash in all your request matcher patterns. In future versions of Spring Security, leaving out the leading slash will result in an exception.
2025-09-25T09:35:23.198+09:00  WARN 4956 --- [mini-project-task-manager-db] [main] thorizationManagerRequestMatcherRegistry : One of the patterns in [api/v1/projects/**] is missing a leading slash. This is discouraged; please include the leading slash in all your request matcher patterns. In future versions of Spring Security, leaving out the leading slash will result in an exception.
2025-09-25T09:35:23.199+09:00  WARN 4956 --- [mini-project-task-manager-db] [main] thorizationManagerRequestMatcherRegistry : One of the patterns in [api/v1/projects/*/tags/**] is missing a leading slash. This is discouraged; please include the leading slash in all your request matcher patterns. In future versions of Spring Security, leaving out the leading slash will result in an exception.
2025-09-25T09:35:23.200+09:00  WARN 4956 --- [mini-project-task-manager-db] [main] thorizationManagerRequestMatcherRegistry : One of the patterns in [api/v1/projects*/tags/**] is missing a leading slash. This is discouraged; please include the leading slash in all your request matcher patterns. In future versions of Spring Security, leaving out the leading slash will result in an exception.
2025-09-25T09:35:23.201+09:00  WARN 4956 --- [mini-project-task-manager-db] [main] thorizationManagerRequestMatcherRegistry : One of the patterns in [api/v1/projects/*/tags/**] is missing a leading slash. This is discouraged; please include the leading slash in all your request matcher patterns. In future versions of Spring Security, leaving out the leading slash will result in an exception.
2025-09-25T09:35:23.202+09:00  WARN 4956 --- [mini-project-task-manager-db] [main] thorizationManagerRequestMatcherRegistry : One of the patterns in [api/v1/projects/*/tasks/**] is missing a leading slash. This is discouraged; please include the leading slash in all your request matcher patterns. In future versions of Spring Security, leaving out the leading slash will result in an exception.
2025-09-25T09:35:23.203+09:00  WARN 4956 --- [mini-project-task-manager-db] [main] thorizationManagerRequestMatcherRegistry : One of the patterns in [api/v1/projects/*/tasks/**] is missing a leading slash. This is discouraged; please include the leading slash in all your request matcher patterns. In future versions of Spring Security, leaving out the leading slash will result in an exception.
2025-09-25T09:35:23.204+09:00  WARN 4956 --- [mini-project-task-manager-db] [main] thorizationManagerRequestMatcherRegistry : One of the patterns in [api/v1/projects/*/tasks/**] is missing a leading slash. This is discouraged; please include the leading slash in all your request matcher patterns. In future versions of Spring Security, leaving out the leading slash will result in an exception.
2025-09-25T09:35:23.205+09:00  WARN 4956 --- [mini-project-task-manager-db] [main] thorizationManagerRequestMatcherRegistry : One of the patterns in [api/v1/projects/*/tasks/**] is missing a leading slash. This is discouraged; please include the leading slash in all your request matcher patterns. In future versions of Spring Security, leaving out the leading slash will result in an exception.
2025-09-25T09:35:23.553+09:00  INFO 4956 --- [mini-project-task-manager-db] [main] o.s.b.w.embedded.tomcat.TomcatWebServer  : Tomcat started on port 8080 (http) with context path '/'
2025-09-25T09:35:23.565+09:00  INFO 4956 --- [mini-project-task-manager-db] [main] org.example.o_lim.OLimApplication        : Started OLimApplication in 4.745 seconds (process running for 5.101)
2025-09-25T09:35:24.161+09:00  INFO 4956 --- [mini-project-task-manager-db] [RMI TCP Connection(1)-192.168.4.11] o.a.c.c.C.[Tomcat].[localhost].[/]       : Initializing Spring DispatcherServlet 'dispatcherServlet'
2025-09-25T09:35:24.161+09:00  INFO 4956 --- [mini-project-task-manager-db] [RMI TCP Connection(1)-192.168.4.11] o.s.web.servlet.DispatcherServlet        : Initializing Servlet 'dispatcherServlet'
2025-09-25T09:35:24.162+09:00  INFO 4956 --- [mini-project-task-manager-db] [RMI TCP Connection(1)-192.168.4.11] o.s.web.servlet.DispatcherServlet        : Completed initialization in 1 ms
2025-09-25T09:37:05.761+09:00 ERROR 4956 --- [mini-project-task-manager-db] [http-nio-8080-exec-9] o.e.o.handler.GlobalExceptionHandler     : Internal Error: JSON parse error: Cannot coerce empty String ("") to `org.example.o_lim.common.enums.TaskStatus` value (but could if coercion was enabled using `CoercionConfig`)
2025-09-25T09:51:21.245+09:00  INFO 4956 --- [mini-project-task-manager-db] [SpringApplicationShutdownHook] o.s.b.w.e.tomcat.GracefulShutdown        : Commencing graceful shutdown. Waiting for active requests to complete
2025-09-25T09:51:21.274+09:00  INFO 4956 --- [mini-project-task-manager-db] [tomcat-shutdown] o.s.b.w.e.tomcat.GracefulShutdown        : Graceful shutdown complete
2025-09-25T09:51:21.280+09:00  INFO 4956 --- [mini-project-task-manager-db] [SpringApplicationShutdownHook] j.LocalContainerEntityManagerFactoryBean : Closing JPA EntityManagerFactory for persistence unit 'default'
2025-09-25T09:51:21.282+09:00  INFO 4956 --- [mini-project-task-manager-db] [SpringApplicationShutdownHook] com.zaxxer.hikari.HikariDataSource       : HikariPool-1 - Shutdown initiated...
2025-09-25T09:51:21.286+09:00  INFO 4956 --- [mini-project-task-manager-db] [SpringApplicationShutdownHook] com.zaxxer.hikari.HikariDataSource       : HikariPool-1 - Shutdown completed.
